Build started 2017-04-14 오전 1:56:37.
     1>Project "C:\Users\SangHeonLee\Documents\Visual Studio 2010\Projects\HW1_Server\HW1_Server\HW1_Server.vcxproj" on node 2 (build target(s)).
     1>InitializeBuildStatus:
         Creating "Debug\HW1_Server.unsuccessfulbuild" because "AlwaysCreate" was specified.
       ClCompile:
         C:\Program Files (x86)\Microsoft Visual Studio 10.0\VC\bin\CL.exe /c /ZI /nologo /W3 /WX- /Od /Oy- /D WIN32 /D _DEBUG /D _CONSOLE /D _MBCS /Gm /EHsc /RTC1 /MDd /GS /fp:precise /Zc:wchar_t /Zc:forScope /Fo"Debug\\" /Fd"Debug\vc100.pdb" /Gd /TP /analyze- /errorReport:prompt HW1_Server.cpp
         HW1_Server.cpp
     1>c:\users\sangheonlee\documents\visual studio 2010\projects\hw1_server\hw1_server\hw1_server.cpp(134): warning C4996: 'strncpy': This function or variable may be unsafe. Consider using strncpy_s instead. To disable deprecation, use _CRT_SECURE_NO_WARNINGS. See online help for details.
                 c:\program files (x86)\microsoft visual studio 10.0\vc\include\string.h(188) : see declaration of 'strncpy'
     1>c:\users\sangheonlee\documents\visual studio 2010\projects\hw1_server\hw1_server\hw1_server.cpp(164): warning C4996: 'strncpy': This function or variable may be unsafe. Consider using strncpy_s instead. To disable deprecation, use _CRT_SECURE_NO_WARNINGS. See online help for details.
                 c:\program files (x86)\microsoft visual studio 10.0\vc\include\string.h(188) : see declaration of 'strncpy'
     1>c:\users\sangheonlee\documents\visual studio 2010\projects\hw1_server\hw1_server\hw1_server.cpp(184): warning C4996: 'strncpy': This function or variable may be unsafe. Consider using strncpy_s instead. To disable deprecation, use _CRT_SECURE_NO_WARNINGS. See online help for details.
                 c:\program files (x86)\microsoft visual studio 10.0\vc\include\string.h(188) : see declaration of 'strncpy'
     1>c:\users\sangheonlee\documents\visual studio 2010\projects\hw1_server\hw1_server\hw1_server.cpp(205): warning C4996: 'strncpy': This function or variable may be unsafe. Consider using strncpy_s instead. To disable deprecation, use _CRT_SECURE_NO_WARNINGS. See online help for details.
                 c:\program files (x86)\microsoft visual studio 10.0\vc\include\string.h(188) : see declaration of 'strncpy'
     1>c:\users\sangheonlee\documents\visual studio 2010\projects\hw1_server\hw1_server\hw1_server.cpp(225): warning C4996: 'strncpy': This function or variable may be unsafe. Consider using strncpy_s instead. To disable deprecation, use _CRT_SECURE_NO_WARNINGS. See online help for details.
                 c:\program files (x86)\microsoft visual studio 10.0\vc\include\string.h(188) : see declaration of 'strncpy'
     1>c:\users\sangheonlee\documents\visual studio 2010\projects\hw1_server\hw1_server\hw1_server.cpp(246): warning C4996: 'strncpy': This function or variable may be unsafe. Consider using strncpy_s instead. To disable deprecation, use _CRT_SECURE_NO_WARNINGS. See online help for details.
                 c:\program files (x86)\microsoft visual studio 10.0\vc\include\string.h(188) : see declaration of 'strncpy'
     1>c:\users\sangheonlee\documents\visual studio 2010\projects\hw1_server\hw1_server\hw1_server.cpp(268): warning C4996: 'strncpy': This function or variable may be unsafe. Consider using strncpy_s instead. To disable deprecation, use _CRT_SECURE_NO_WARNINGS. See online help for details.
                 c:\program files (x86)\microsoft visual studio 10.0\vc\include\string.h(188) : see declaration of 'strncpy'
     1>c:\users\sangheonlee\documents\visual studio 2010\projects\hw1_server\hw1_server\hw1_server.cpp(290): warning C4996: 'strncpy': This function or variable may be unsafe. Consider using strncpy_s instead. To disable deprecation, use _CRT_SECURE_NO_WARNINGS. See online help for details.
                 c:\program files (x86)\microsoft visual studio 10.0\vc\include\string.h(188) : see declaration of 'strncpy'
     1>c:\users\sangheonlee\documents\visual studio 2010\projects\hw1_server\hw1_server\hw1_server.cpp(317): warning C4996: 'strncpy': This function or variable may be unsafe. Consider using strncpy_s instead. To disable deprecation, use _CRT_SECURE_NO_WARNINGS. See online help for details.
                 c:\program files (x86)\microsoft visual studio 10.0\vc\include\string.h(188) : see declaration of 'strncpy'
     1>c:\users\sangheonlee\documents\visual studio 2010\projects\hw1_server\hw1_server\hw1_server.cpp(339): warning C4996: 'strncpy': This function or variable may be unsafe. Consider using strncpy_s instead. To disable deprecation, use _CRT_SECURE_NO_WARNINGS. See online help for details.
                 c:\program files (x86)\microsoft visual studio 10.0\vc\include\string.h(188) : see declaration of 'strncpy'
       ManifestResourceCompile:
         All outputs are up-to-date.
       Link:
         C:\Program Files (x86)\Microsoft Visual Studio 10.0\VC\bin\link.exe /ERRORREPORT:PROMPT /OUT:"C:\Users\SangHeonLee\Documents\Visual Studio 2010\Projects\HW1_Server\Debug\HW1_Server.exe" /INCREMENTAL /NOLOGO kernel32.lib user32.lib gdi32.lib winspool.lib comdlg32.lib advapi32.lib shell32.lib ole32.lib oleaut32.lib uuid.lib odbc32.lib odbccp32.lib /MANIFEST /ManifestFile:"Debug\HW1_Server.exe.intermediate.manifest" /MANIFESTUAC:"level='asInvoker' uiAccess='false'" /DEBUG /PDB:"C:\Users\SangHeonLee\Documents\Visual Studio 2010\Projects\HW1_Server\Debug\HW1_Server.pdb" /SUBSYSTEM:CONSOLE /TLBID:1 /DYNAMICBASE /NXCOMPAT /IMPLIB:"C:\Users\SangHeonLee\Documents\Visual Studio 2010\Projects\HW1_Server\Debug\HW1_Server.lib" /MACHINE:X86 Debug\HW1_Server.exe.embed.manifest.res
         Debug\HW1_Server.obj
       Manifest:
         C:\Program Files (x86)\Microsoft SDKs\Windows\v7.0A\bin\mt.exe /nologo /verbose /out:"Debug\HW1_Server.exe.embed.manifest" /manifest Debug\HW1_Server.exe.intermediate.manifest
         All outputs are up-to-date.
       LinkEmbedManifest:
         All outputs are up-to-date.
         HW1_Server.vcxproj -> C:\Users\SangHeonLee\Documents\Visual Studio 2010\Projects\HW1_Server\Debug\HW1_Server.exe
       FinalizeBuildStatus:
         Deleting file "Debug\HW1_Server.unsuccessfulbuild".
         Touching "Debug\HW1_Server.lastbuildstate".
     1>Done Building Project "C:\Users\SangHeonLee\Documents\Visual Studio 2010\Projects\HW1_Server\HW1_Server\HW1_Server.vcxproj" (build target(s)).

Build succeeded.

Time Elapsed 00:00:04.47
