Build started 2017-04-14 오전 1:56:47.
     1>Project "C:\Users\SangHeonLee\documents\visual studio 2010\Projects\HW1_Client\HW1_Client\HW1_Client.vcxproj" on node 2 (build target(s)).
     1>InitializeBuildStatus:
         Creating "Debug\HW1_Client.unsuccessfulbuild" because "AlwaysCreate" was specified.
       ClCompile:
         C:\Program Files (x86)\Microsoft Visual Studio 10.0\VC\bin\CL.exe /c /ZI /nologo /W3 /WX- /Od /Oy- /D WIN32 /D _DEBUG /D _CONSOLE /D _MBCS /Gm /EHsc /RTC1 /MDd /GS /fp:precise /Zc:wchar_t /Zc:forScope /Fo"Debug\\" /Fd"Debug\vc100.pdb" /Gd /TP /analyze- /errorReport:prompt HW1_Client.cpp
         HW1_Client.cpp
       ManifestResourceCompile:
         All outputs are up-to-date.
       Link:
         C:\Program Files (x86)\Microsoft Visual Studio 10.0\VC\bin\link.exe /ERRORREPORT:PROMPT /OUT:"C:\Users\SangHeonLee\documents\visual studio 2010\Projects\HW1_Client\Debug\HW1_Client.exe" /INCREMENTAL /NOLOGO kernel32.lib user32.lib gdi32.lib winspool.lib comdlg32.lib advapi32.lib shell32.lib ole32.lib oleaut32.lib uuid.lib odbc32.lib odbccp32.lib /MANIFEST /ManifestFile:"Debug\HW1_Client.exe.intermediate.manifest" /MANIFESTUAC:"level='asInvoker' uiAccess='false'" /DEBUG /PDB:"C:\Users\SangHeonLee\documents\visual studio 2010\Projects\HW1_Client\Debug\HW1_Client.pdb" /SUBSYSTEM:CONSOLE /TLBID:1 /DYNAMICBASE /NXCOMPAT /IMPLIB:"C:\Users\SangHeonLee\documents\visual studio 2010\Projects\HW1_Client\Debug\HW1_Client.lib" /MACHINE:X86 Debug\HW1_Client.exe.embed.manifest.res
         Debug\HW1_Client.obj
       Manifest:
         C:\Program Files (x86)\Microsoft SDKs\Windows\v7.0A\bin\mt.exe /nologo /verbose /out:"Debug\HW1_Client.exe.embed.manifest" /manifest Debug\HW1_Client.exe.intermediate.manifest
         All outputs are up-to-date.
       LinkEmbedManifest:
         All outputs are up-to-date.
         HW1_Client.vcxproj -> C:\Users\SangHeonLee\documents\visual studio 2010\Projects\HW1_Client\Debug\HW1_Client.exe
       FinalizeBuildStatus:
         Deleting file "Debug\HW1_Client.unsuccessfulbuild".
         Touching "Debug\HW1_Client.lastbuildstate".
     1>Done Building Project "C:\Users\SangHeonLee\documents\visual studio 2010\Projects\HW1_Client\HW1_Client\HW1_Client.vcxproj" (build target(s)).

Build succeeded.

Time Elapsed 00:00:01.81
